<?xml version="1.0" encoding="UTF-8"?>
<!-- Generated by org.testng.reporters.JUnitXMLReporter -->
<testsuite hostname="E0438480" ignored="0" tests="1" failures="1" timestamp="29 Jul 2019 22:55:52 GMT" time="49.557" errors="0">
  <testcase name="test" time="6.571" classname="AppTest">
    <failure type="java.lang.AssertionError" message="UI issue is found">
      <![CDATA[java.lang.AssertionError: UI issue is found
at AppTest.test(AppTest.java:16)
... Removed 30 stack frames]]>
    </failure>
  </testcase> <!-- test -->
</testsuite>
